<Data>
  <Row tourist_id="2" second_name="yuh" first_name="qwe" third_name="zxc" />
  <Row tourist_id="1" second_name="we" first_name="asd" third_name="asd" />
  <Row tourist_id="3" second_name="three" first_name="three" third_name="three" />
  <Row tourist_id="4" second_name="four" first_name="four" third_name="four" />
</Data>